{"S:\\CherryOS\\CherryOS-dev\\src\\data\\music_manifest.json": {"path":"S:\\CherryOS\\CherryOS-dev\\src\\data\\music_manifest.json","statementMap":{},"fnMap":{},"branchMap":{},"s":{},"f":{},"b":{},"meta":{"lastBranch":0,"lastFunction":0,"lastStatement":0,"seen":{}}}
,"S:\\CherryOS\\CherryOS-dev\\src\\data\\schemas.js": {"path":"S:\\CherryOS\\CherryOS-dev\\src\\data\\schemas.js","statementMap":{"0":{"start":{"line":3,"column":27},"end":{"line":12,"column":2}},"1":{"start":{"line":14,"column":33},"end":{"line":21,"column":2}},"2":{"start":{"line":23,"column":27},"end":{"line":28,"column":2}},"3":{"start":{"line":30,"column":27},"end":{"line":37,"column":2}},"4":{"start":{"line":39,"column":35},"end":{"line":45,"column":1}},"5":{"start":{"line":40,"column":14},"end":{"line":40,"column":60}},"6":{"start":{"line":40,"column":36},"end":{"line":40,"column":59}},"7":{"start":{"line":47,"column":27},"end":{"line":50,"column":2}},"8":{"start":{"line":52,"column":33},"end":{"line":52,"column":53}},"9":{"start":{"line":53,"column":32},"end":{"line":53,"column":52}}},"fnMap":{"0":{"name":"(anonymous_0)","decl":{"start":{"line":40,"column":2},"end":{"line":40,"column":3}},"loc":{"start":{"line":40,"column":14},"end":{"line":40,"column":60}},"line":40},"1":{"name":"(anonymous_1)","decl":{"start":{"line":40,"column":27},"end":{"line":40,"column":32}},"loc":{"start":{"line":40,"column":36},"end":{"line":40,"column":59}},"line":40}},"branchMap":{},"s":{"0":1,"1":1,"2":1,"3":1,"4":1,"5":1,"6":15,"7":1,"8":1,"9":1},"f":{"0":1,"1":15},"b":{},"meta":{"lastBranch":0,"lastFunction":2,"lastStatement":10,"seen":{"s:3:27:12:2":0,"s:14:33:21:2":1,"s:23:27:28:2":2,"s:30:27:37:2":3,"s:39:35:45:1":4,"f:40:2:40:3":0,"s:40:14:40:60":5,"f:40:27:40:32":1,"s:40:36:40:59":6,"s:47:27:50:2":7,"s:52:33:52:53":8,"s:53:32:53:52":9}}}
}
